<?xml version="1.0" encoding="UTF-8"?>
<testsuites>
  <testsuite name="CodeIgniter Application Test Suite" tests="5" assertions="5" errors="0" failures="0" skipped="0" time="0.148010">
    <testsuite name="SecretModel_test" file="D:\Projects\secret-server\application\tests\models\Secretmodel_test.php" tests="5" assertions="5" errors="0" failures="0" skipped="0" time="0.148010">
      <testcase name="check_hash_length" class="SecretModel_test" classname="SecretModel_test" file="D:\Projects\secret-server\application\tests\models\Secretmodel_test.php" line="18" assertions="1" time="0.108263"/>
      <testcase name="check_secret_object_created" class="SecretModel_test" classname="SecretModel_test" file="D:\Projects\secret-server\application\tests\models\Secretmodel_test.php" line="26" assertions="1" time="0.019180"/>
      <testcase name="check_created_secret_object_expiration_time" class="SecretModel_test" classname="SecretModel_test" file="D:\Projects\secret-server\application\tests\models\Secretmodel_test.php" line="48" assertions="1" time="0.005603"/>
      <testcase name="check_secret_is_expired_after_view" class="SecretModel_test" classname="SecretModel_test" file="D:\Projects\secret-server\application\tests\models\Secretmodel_test.php" line="67" assertions="1" time="0.009074"/>
      <testcase name="check_secret_is_expired_after_expiration_time" class="SecretModel_test" classname="SecretModel_test" file="D:\Projects\secret-server\application\tests\models\Secretmodel_test.php" line="84" assertions="1" time="0.005890"/>
    </testsuite>
  </testsuite>
</testsuites>
